<?xml version="1.0" encoding="UTF-8"?>
<!-- Generated by org.testng.reporters.JUnitReportReporter -->
<testsuite hostname="HP" failures="0" tests="1" name="com.keywordframework1.tests.MyntraTest" time="105.640" errors="0" timestamp="2022-03-02T22:49:28 IST" skipped="0">
  <testcase classname="com.keywordframework1.tests.MyntraTest" name="verifyHomePageProfileAgain" time="105.640"/>
  <system-out/>
</testsuite> <!-- com.keywordframework1.tests.MyntraTest -->
