<?xml version="1.0" encoding="UTF-8"?>
<!-- Generated by org.testng.reporters.JUnitReportReporter -->
<testsuite skipped="0" hostname="HP" name="com.keywordframework1.tests.MyntraTest" tests="1" failures="0" timestamp="2022-03-02T22:46:46 IST" time="140.362" errors="0">
  <testcase name="verifyHomePageProfileAgain" time="140.362" classname="com.keywordframework1.tests.MyntraTest"/>
  <system-out/>
</testsuite> <!-- com.keywordframework1.tests.MyntraTest -->
